#
# There is insufficient memory for the Java Runtime Environment to continue.
# Native memory allocation (malloc) failed to allocate 32744 bytes for ChunkPool::allocate
# Possible reasons:
#   The system is out of physical RAM or swap space
#   The process is running with CompressedOops enabled, and the Java Heap may be blocking the growth of the native heap
# Possible solutions:
#   Reduce memory load on the system
#   Increase physical memory or swap space
#   Check if swap backing store is full
#   Decrease Java heap size (-Xmx/-Xms)
#   Decrease number of Java threads
#   Decrease Java thread stack sizes (-Xss)
#   Set larger code cache with -XX:ReservedCodeCacheSize=
#   JVM is running with Zero Based Compressed Oops mode in which the Java heap is
#     placed in the first 32GB address space. The Java Heap base address is the
#     maximum limit for the native heap growth. Please use -XX:HeapBaseMinAddress
#     to set the Java Heap base and to place the Java Heap above 32GB virtual address.
# This output file may be truncated or incomplete.
#
#  Out of Memory Error (arena.cpp:79), pid=11516, tid=9504
#
# JRE version: OpenJDK Runtime Environment (17.0.10) (build 17.0.10+0--11572160)
# Java VM: OpenJDK 64-Bit Server VM (17.0.10+0--11572160, mixed mode, tiered, compressed oops, compressed class ptrs, g1 gc, windows-amd64)
# No core dump will be written. Minidumps are not enabled by default on client versions of Windows
#

---------------  S U M M A R Y ------------

Command Line: org.jetbrains.kotlin.cli.jvm.K2JVMCompiler @D:\Uni\bangkit\capstoneProject\skinifier\app\build\20240620_1229399583634749238.compiler.options

Host: Intel(R) Core(TM) i5-8350U CPU @ 1.70GHz, 8 cores, 15G,  Windows 11 , 64 bit Build 22621 (10.0.22621.3235)
Time: Thu Jun 20 23:47:34 2024 SE Asia Standard Time elapsed time: 26.377909 seconds (0d 0h 0m 26s)

---------------  T H R E A D  ---------------

Current thread (0x00000253be777fa0):  JavaThread "C2 CompilerThread1" daemon [_thread_in_native, id=9504, stack(0x000000eb77c00000,0x000000eb77d00000)]


Current CompileTask:
C2:  26378 22766       4       org.jetbrains.kotlin.backend.jvm.mapping.MethodSignatureMapper::mapFunctionName (342 bytes)

Stack: [0x000000eb77c00000,0x000000eb77d00000]
Native frames: (J=compiled Java code, j=interpreted, Vv=VM code, C=native code)
V  [jvm.dll+0x688e89]
V  [jvm.dll+0x84247a]
V  [jvm.dll+0x8440be]
V  [jvm.dll+0x844723]
V  [jvm.dll+0x24be0f]
V  [jvm.dll+0xac721]
V  [jvm.dll+0xacb6c]
V  [jvm.dll+0x571c1f]
V  [jvm.dll+0x336189]
V  [jvm.dll+0x3355fa]
V  [jvm.dll+0x21daa1]
V  [jvm.dll+0x21cec1]
V  [jvm.dll+0x1a60ad]
V  [jvm.dll+0x22cd78]
V  [jvm.dll+0x22aeb0]
V  [jvm.dll+0x7f6917]
V  [jvm.dll+0x7f0d1a]
V  [jvm.dll+0x687d05]
C  [ucrtbase.dll+0x29363]
C  [KERNEL32.DLL+0x1257d]
C  [ntdll.dll+0x5aa58]


---------------  P R O C E S S  ---------------

Threads class SMR info:
_java_thread_list=0x00000253bf1b31f0, length=14, elements={
0x0000025399b7f690, 0x00000253b86a83e0, 0x00000253b86a9260, 0x00000253b86f82e0,
0x00000253b86faeb0, 0x00000253b86fd980, 0x00000253b86fe340, 0x00000253b8712410,
0x00000253b871dfe0, 0x00000253b87209f0, 0x00000253b886d5c0, 0x00000253b888efc0,
0x00000253be777fa0, 0x00000253be778a40
}

Java Threads: ( => current thread )
  0x0000025399b7f690 JavaThread "main" [_thread_in_Java, id=10968, stack(0x000000eb76900000,0x000000eb76a00000)]
  0x00000253b86a83e0 JavaThread "Reference Handler" daemon [_thread_blocked, id=15388, stack(0x000000eb77000000,0x000000eb77100000)]
  0x00000253b86a9260 JavaThread "Finalizer" daemon [_thread_blocked, id=8588, stack(0x000000eb77100000,0x000000eb77200000)]
  0x00000253b86f82e0 JavaThread "Signal Dispatcher" daemon [_thread_blocked, id=17416, stack(0x000000eb77200000,0x000000eb77300000)]
  0x00000253b86faeb0 JavaThread "Attach Listener" daemon [_thread_blocked, id=9564, stack(0x000000eb77300000,0x000000eb77400000)]
  0x00000253b86fd980 JavaThread "Service Thread" daemon [_thread_blocked, id=20760, stack(0x000000eb77400000,0x000000eb77500000)]
  0x00000253b86fe340 JavaThread "Monitor Deflation Thread" daemon [_thread_blocked, id=5540, stack(0x000000eb77500000,0x000000eb77600000)]
  0x00000253b8712410 JavaThread "C2 CompilerThread0" daemon [_thread_in_native, id=8164, stack(0x000000eb77600000,0x000000eb77700000)]
  0x00000253b871dfe0 JavaThread "C1 CompilerThread0" daemon [_thread_blocked, id=21564, stack(0x000000eb77700000,0x000000eb77800000)]
  0x00000253b87209f0 JavaThread "Sweeper thread" daemon [_thread_blocked, id=14368, stack(0x000000eb77800000,0x000000eb77900000)]
  0x00000253b886d5c0 JavaThread "Notification Thread" daemon [_thread_blocked, id=17648, stack(0x000000eb77900000,0x000000eb77a00000)]
  0x00000253b888efc0 JavaThread "Common-Cleaner" daemon [_thread_blocked, id=5052, stack(0x000000eb77b00000,0x000000eb77c00000)]
=>0x00000253be777fa0 JavaThread "C2 CompilerThread1" daemon [_thread_in_native, id=9504, stack(0x000000eb77c00000,0x000000eb77d00000)]
  0x00000253be778a40 JavaThread "C2 CompilerThread2" daemon [_thread_in_native, id=17608, stack(0x000000eb78200000,0x000000eb78300000)]

Other Threads:
  0x00000253b851ec20 VMThread "VM Thread" [stack: 0x000000eb76f00000,0x000000eb77000000] [id=14520]
  0x00000253b886fab0 WatcherThread [stack: 0x000000eb77a00000,0x000000eb77b00000] [id=5936]
  0x0000025399bee4c0 GCTaskThread "GC Thread#0" [stack: 0x000000eb76a00000,0x000000eb76b00000] [id=15068]
  0x00000253bd3e7fa0 GCTaskThread "GC Thread#1" [stack: 0x000000eb77d00000,0x000000eb77e00000] [id=13780]
  0x00000253bd34ee30 GCTaskThread "GC Thread#2" [stack: 0x000000eb77e00000,0x000000eb77f00000] [id=18652]
  0x00000253bd34f0f0 GCTaskThread "GC Thread#3" [stack: 0x000000eb77f00000,0x000000eb78000000] [id=2836]
  0x00000253bd34f3b0 GCTaskThread "GC Thread#4" [stack: 0x000000eb78000000,0x000000eb78100000] [id=8500]
  0x00000253bd34f670 GCTaskThread "GC Thread#5" [stack: 0x000000eb78100000,0x000000eb78200000] [id=11248]
  0x00000253bde13f80 GCTaskThread "GC Thread#6" [stack: 0x000000eb78300000,0x000000eb78400000] [id=7648]
  0x00000253bde14240 GCTaskThread "GC Thread#7" [stack: 0x000000eb78400000,0x000000eb78500000] [id=21272]
  0x0000025399bff220 ConcurrentGCThread "G1 Main Marker" [stack: 0x000000eb76b00000,0x000000eb76c00000] [id=14584]
  0x0000025399c013f0 ConcurrentGCThread "G1 Conc#0" [stack: 0x000000eb76c00000,0x000000eb76d00000] [id=14392]
  0x00000253bdbf6270 ConcurrentGCThread "G1 Conc#1" [stack: 0x000000eb78500000,0x000000eb78600000] [id=6316]
  0x0000025399c2ea10 ConcurrentGCThread "G1 Refine#0" [stack: 0x000000eb76d00000,0x000000eb76e00000] [id=1948]
  0x00000253bdfd2160 ConcurrentGCThread "G1 Refine#1" [stack: 0x000000eb78600000,0x000000eb78700000] [id=6996]
  0x00000253bf92ad30 ConcurrentGCThread "G1 Refine#2" [stack: 0x000000eb78700000,0x000000eb78800000] [id=17828]
  0x00000253bf9292c0 ConcurrentGCThread "G1 Refine#3" [stack: 0x000000eb78800000,0x000000eb78900000] [id=14228]
  0x00000253b83c5700 ConcurrentGCThread "G1 Service" [stack: 0x000000eb76e00000,0x000000eb76f00000] [id=18004]

Threads with active compile tasks:
C2 CompilerThread0    26403 22462       4       org.jetbrains.kotlin.types.AbstractTypeMapper::mapType (568 bytes)
C2 CompilerThread1    26403 22766       4       org.jetbrains.kotlin.backend.jvm.mapping.MethodSignatureMapper::mapFunctionName (342 bytes)
C2 CompilerThread2    26403 22781       4       org.jetbrains.kotlin.backend.jvm.mapping.MethodSignatureMapper::mapSignature (587 bytes)

VM state: not at safepoint (normal execution)

VM Mutex/Monitor currently owned by a thread: None

Heap address: 0x0000000701e00000, size: 4066 MB, Compressed Oops mode: Zero based, Oop shift amount: 3

CDS archive(s) not mapped
Compressed class space mapped at: 0x0000000800000000-0x0000000840000000, reserved size: 1073741824
Narrow klass base: 0x0000000800000000, Narrow klass shift: 0, Narrow klass range: 0x40000000

GC Precious Log:
 CPUs: 8 total, 8 available
 Memory: 16258M
 Large Page Support: Disabled
 NUMA Support: Disabled
 Compressed Oops: Enabled (Zero based)
 Heap Region Size: 2M
 Heap Min Capacity: 8M
 Heap Initial Capacity: 256M
 Heap Max Capacity: 4066M
 Pre-touch: Disabled
 Parallel Workers: 8
 Concurrent Workers: 2
 Concurrent Refinement Workers: 8
 Periodic GC: Disabled

Heap:
 garbage-first heap   total 458752K, used 222393K [0x0000000701e00000, 0x0000000800000000)
  region size 2048K, 52 young (106496K), 7 survivors (14336K)
 Metaspace       used 98667K, committed 98944K, reserved 1179648K
  class space    used 10575K, committed 10688K, reserved 1048576K

Heap Regions: E=young(eden), S=young(survivor), O=old, HS=humongous(starts), HC=humongous(continues), CS=collection set, F=free, OA=open archive, CA=closed archive, TAMS=top-at-mark-start (previous, next)
|   0|0x0000000701e00000, 0x0000000702000000, 0x0000000702000000|100%|HS|  |TAMS 0x0000000702000000, 0x0000000701e00000| Complete 
|   1|0x0000000702000000, 0x0000000702200000, 0x0000000702200000|100%|HC|  |TAMS 0x0000000702200000, 0x0000000702000000| Complete 
|   2|0x0000000702200000, 0x0000000702400000, 0x0000000702400000|100%| O|  |TAMS 0x0000000702400000, 0x0000000702200000| Untracked 
|   3|0x0000000702400000, 0x0000000702600000, 0x0000000702600000|100%| O|  |TAMS 0x0000000702600000, 0x0000000702400000| Untracked 
|   4|0x0000000702600000, 0x0000000702800000, 0x0000000702800000|100%| O|  |TAMS 0x0000000702800000, 0x0000000702600000| Untracked 
|   5|0x0000000702800000, 0x0000000702a00000, 0x0000000702a00000|100%| O|  |TAMS 0x0000000702a00000, 0x0000000702800000| Untracked 
|   6|0x0000000702a00000, 0x0000000702c00000, 0x0000000702c00000|100%| O|  |TAMS 0x0000000702c00000, 0x0000000702a00000| Untracked 
|   7|0x0000000702c00000, 0x0000000702e00000, 0x0000000702e00000|100%| O|  |TAMS 0x0000000702e00000, 0x0000000702c00000| Untracked 
|   8|0x0000000702e00000, 0x0000000703000000, 0x0000000703000000|100%| O|  |TAMS 0x0000000703000000, 0x0000000702e00000| Untracked 
|   9|0x0000000703000000, 0x0000000703200000, 0x0000000703200000|100%|HS|  |TAMS 0x0000000703200000, 0x0000000703000000| Complete 
|  10|0x0000000703200000, 0x0000000703400000, 0x0000000703400000|100%| O|  |TAMS 0x0000000703400000, 0x0000000703200000| Untracked 
|  11|0x0000000703400000, 0x0000000703600000, 0x0000000703600000|100%| O|  |TAMS 0x0000000703600000, 0x0000000703400000| Untracked 
|  12|0x0000000703600000, 0x0000000703800000, 0x0000000703800000|100%| O|  |TAMS 0x0000000703800000, 0x0000000703600000| Untracked 
|  13|0x0000000703800000, 0x0000000703a00000, 0x0000000703a00000|100%| O|  |TAMS 0x0000000703a00000, 0x0000000703800000| Untracked 
|  14|0x0000000703a00000, 0x0000000703c00000, 0x0000000703c00000|100%| O|  |TAMS 0x0000000703c00000, 0x0000000703a00000| Untracked 
|  15|0x0000000703c00000, 0x0000000703e00000, 0x0000000703e00000|100%| O|  |TAMS 0x0000000703e00000, 0x0000000703c00000| Untracked 
|  16|0x0000000703e00000, 0x0000000704000000, 0x0000000704000000|100%| O|  |TAMS 0x0000000704000000, 0x0000000703e00000| Untracked 
|  17|0x0000000704000000, 0x0000000704200000, 0x0000000704200000|100%| O|  |TAMS 0x0000000704200000, 0x0000000704000000| Untracked 
|  18|0x0000000704200000, 0x0000000704400000, 0x0000000704400000|100%| O|  |TAMS 0x0000000704400000, 0x0000000704200000| Untracked 
|  19|0x0000000704400000, 0x0000000704600000, 0x0000000704600000|100%| O|  |TAMS 0x0000000704600000, 0x0000000704400000| Untracked 
|  20|0x0000000704600000, 0x0000000704800000, 0x0000000704800000|100%| O|  |TAMS 0x0000000704800000, 0x0000000704600000| Untracked 
|  21|0x0000000704800000, 0x0000000704a00000, 0x0000000704a00000|100%| O|  |TAMS 0x0000000704a00000, 0x0000000704800000| Untracked 
|  22|0x0000000704a00000, 0x0000000704c00000, 0x0000000704c00000|100%| O|  |TAMS 0x0000000704c00000, 0x0000000704a00000| Untracked 
|  23|0x0000000704c00000, 0x0000000704e00000, 0x0000000704e00000|100%| O|  |TAMS 0x0000000704e00000, 0x0000000704c00000| Untracked 
|  24|0x0000000704e00000, 0x0000000705000000, 0x0000000705000000|100%| O|  |TAMS 0x0000000705000000, 0x0000000704e00000| Untracked 
|  25|0x0000000705000000, 0x0000000705200000, 0x0000000705200000|100%| O|  |TAMS 0x0000000705200000, 0x0000000705000000| Untracked 
|  26|0x0000000705200000, 0x0000000705400000, 0x0000000705400000|100%| O|  |TAMS 0x0000000705400000, 0x0000000705200000| Untracked 
|  27|0x0000000705400000, 0x0000000705600000, 0x0000000705600000|100%| O|  |TAMS 0x0000000705400000, 0x0000000705400000| Untracked 
|  28|0x0000000705600000, 0x0000000705800000, 0x0000000705800000|100%| O|  |TAMS 0x0000000705800000, 0x0000000705600000| Untracked 
|  29|0x0000000705800000, 0x0000000705a00000, 0x0000000705a00000|100%| O|  |TAMS 0x0000000705a00000, 0x0000000705800000| Untracked 
|  30|0x0000000705a00000, 0x0000000705c00000, 0x0000000705c00000|100%| O|  |TAMS 0x0000000705c00000, 0x0000000705a00000| Untracked 
|  31|0x0000000705c00000, 0x0000000705e00000, 0x0000000705e00000|100%| O|  |TAMS 0x0000000705c00000, 0x0000000705c00000| Untracked 
|  32|0x0000000705e00000, 0x0000000706000000, 0x0000000706000000|100%| O|  |TAMS 0x0000000706000000, 0x0000000705e00000| Untracked 
|  33|0x0000000706000000, 0x0000000706200000, 0x0000000706200000|100%| O|  |TAMS 0x0000000706200000, 0x0000000706000000| Untracked 
|  34|0x0000000706200000, 0x0000000706400000, 0x0000000706400000|100%| O|  |TAMS 0x0000000706400000, 0x0000000706200000| Untracked 
|  35|0x0000000706400000, 0x0000000706600000, 0x0000000706600000|100%| O|  |TAMS 0x0000000706600000, 0x0000000706400000| Untracked 
|  36|0x0000000706600000, 0x0000000706800000, 0x0000000706800000|100%| O|  |TAMS 0x0000000706800000, 0x0000000706600000| Untracked 
|  37|0x0000000706800000, 0x0000000706a00000, 0x0000000706a00000|100%| O|  |TAMS 0x0000000706a00000, 0x0000000706800000| Untracked 
|  38|0x0000000706a00000, 0x0000000706c00000, 0x0000000706c00000|100%| O|  |TAMS 0x0000000706c00000, 0x0000000706a00000| Untracked 
|  39|0x0000000706c00000, 0x0000000706e00000, 0x0000000706e00000|100%| O|  |TAMS 0x0000000706e00000, 0x0000000706c00000| Untracked 
|  40|0x0000000706e00000, 0x0000000706e00000, 0x0000000707000000|  0%| F|  |TAMS 0x0000000706e00000, 0x0000000706e00000| Untracked 
|  41|0x0000000707000000, 0x0000000707200000, 0x0000000707200000|100%| O|  |TAMS 0x0000000707200000, 0x0000000707000000| Untracked 
|  42|0x0000000707200000, 0x0000000707400000, 0x0000000707400000|100%| O|  |TAMS 0x0000000707400000, 0x0000000707200000| Untracked 
|  43|0x0000000707400000, 0x0000000707600000, 0x0000000707600000|100%| O|  |TAMS 0x0000000707600000, 0x0000000707400000| Untracked 
|  44|0x0000000707600000, 0x0000000707800000, 0x0000000707800000|100%| O|  |TAMS 0x0000000707800000, 0x0000000707600000| Untracked 
|  45|0x0000000707800000, 0x0000000707a00000, 0x0000000707a00000|100%| O|  |TAMS 0x0000000707a00000, 0x0000000707800000| Untracked 
|  46|0x0000000707a00000, 0x0000000707c00000, 0x0000000707c00000|100%| O|  |TAMS 0x0000000707c00000, 0x0000000707a00000| Untracked 
|  47|0x0000000707c00000, 0x0000000707c00000, 0x0000000707e00000|  0%| F|  |TAMS 0x0000000707c00000, 0x0000000707c00000| Untracked 
|  48|0x0000000707e00000, 0x0000000708000000, 0x0000000708000000|100%| O|  |TAMS 0x0000000708000000, 0x0000000707e00000| Untracked 
|  49|0x0000000708000000, 0x0000000708200000, 0x0000000708200000|100%| O|  |TAMS 0x0000000708200000, 0x0000000708000000| Untracked 
|  50|0x0000000708200000, 0x0000000708400000, 0x0000000708400000|100%| O|  |TAMS 0x0000000708400000, 0x0000000708200000| Untracked 
|  51|0x0000000708400000, 0x0000000708600000, 0x0000000708600000|100%| O|  |TAMS 0x0000000708600000, 0x0000000708400000| Untracked 
|  52|0x0000000708600000, 0x0000000708800000, 0x0000000708800000|100%| O|  |TAMS 0x0000000708800000, 0x0000000708600000| Untracked 
|  53|0x0000000708800000, 0x0000000708a00000, 0x0000000708a00000|100%| O|  |TAMS 0x0000000708a00000, 0x0000000708800000| Untracked 
|  54|0x0000000708a00000, 0x0000000708c00000, 0x0000000708c00000|100%| O|  |TAMS 0x0000000708c00000, 0x0000000708a00000| Untracked 
|  55|0x0000000708c00000, 0x0000000708e00000, 0x0000000708e00000|100%| O|  |TAMS 0x0000000708e00000, 0x0000000708c00000| Untracked 
|  56|0x0000000708e00000, 0x0000000709000000, 0x0000000709000000|100%| O|  |TAMS 0x0000000709000000, 0x0000000708e00000| Untracked 
|  57|0x0000000709000000, 0x0000000709200000, 0x0000000709200000|100%| O|  |TAMS 0x0000000709200000, 0x0000000709000000| Untracked 
|  58|0x0000000709200000, 0x0000000709400000, 0x0000000709400000|100%| O|  |TAMS 0x00000007092a1000, 0x0000000709200000| Untracked 
|  59|0x0000000709400000, 0x0000000709600000, 0x0000000709600000|100%| O|  |TAMS 0x0000000709400000, 0x0000000709400000| Untracked 
|  60|0x0000000709600000, 0x0000000709708c00, 0x0000000709800000| 51%| O|  |TAMS 0x0000000709600000, 0x0000000709600000| Untracked 
|  61|0x0000000709800000, 0x0000000709800000, 0x0000000709a00000|  0%| F|  |TAMS 0x0000000709800000, 0x0000000709800000| Untracked 
|  62|0x0000000709a00000, 0x0000000709a00000, 0x0000000709c00000|  0%| F|  |TAMS 0x0000000709a00000, 0x0000000709a00000| Untracked 
|  63|0x0000000709c00000, 0x0000000709c00000, 0x0000000709e00000|  0%| F|  |TAMS 0x0000000709c00000, 0x0000000709c00000| Untracked 
|  64|0x0000000709e00000, 0x0000000709e00000, 0x000000070a000000|  0%| F|  |TAMS 0x0000000709e00000, 0x0000000709e00000| Untracked 
|  65|0x000000070a000000, 0x000000070a000000, 0x000000070a200000|  0%| F|  |TAMS 0x000000070a000000, 0x000000070a000000| Untracked 
|  66|0x000000070a200000, 0x000000070a200000, 0x000000070a400000|  0%| F|  |TAMS 0x000000070a200000, 0x000000070a200000| Untracked 
|  67|0x000000070a400000, 0x000000070a400000, 0x000000070a600000|  0%| F|  |TAMS 0x000000070a400000, 0x000000070a400000| Untracked 
|  68|0x000000070a600000, 0x000000070a600000, 0x000000070a800000|  0%| F|  |TAMS 0x000000070a600000, 0x000000070a600000| Untracked 
|  69|0x000000070a800000, 0x000000070a800000, 0x000000070aa00000|  0%| F|  |TAMS 0x000000070a800000, 0x000000070a800000| Untracked 
|  70|0x000000070aa00000, 0x000000070aa00000, 0x000000070ac00000|  0%| F|  |TAMS 0x000000070aa00000, 0x000000070aa00000| Untracked 
|  71|0x000000070ac00000, 0x000000070ac00000, 0x000000070ae00000|  0%| F|  |TAMS 0x000000070ac00000, 0x000000070ac00000| Untracked 
|  72|0x000000070ae00000, 0x000000070ae00000, 0x000000070b000000|  0%| F|  |TAMS 0x000000070ae00000, 0x000000070ae00000| Untracked 
|  73|0x000000070b000000, 0x000000070b000000, 0x000000070b200000|  0%| F|  |TAMS 0x000000070b000000, 0x000000070b000000| Untracked 
|  74|0x000000070b200000, 0x000000070b200000, 0x000000070b400000|  0%| F|  |TAMS 0x000000070b200000, 0x000000070b200000| Untracked 
|  75|0x000000070b400000, 0x000000070b400000, 0x000000070b600000|  0%| F|  |TAMS 0x000000070b400000, 0x000000070b400000| Untracked 
|  76|0x000000070b600000, 0x000000070b600000, 0x000000070b800000|  0%| F|  |TAMS 0x000000070b600000, 0x000000070b600000| Untracked 
|  77|0x000000070b800000, 0x000000070b800000, 0x000000070ba00000|  0%| F|  |TAMS 0x000000070b800000, 0x000000070b800000| Untracked 
|  78|0x000000070ba00000, 0x000000070ba00000, 0x000000070bc00000|  0%| F|  |TAMS 0x000000070ba00000, 0x000000070ba00000| Untracked 
|  79|0x000000070bc00000, 0x000000070bc00000, 0x000000070be00000|  0%| F|  |TAMS 0x000000070bc00000, 0x000000070bc00000| Untracked 
|  80|0x000000070be00000, 0x000000070be00000, 0x000000070c000000|  0%| F|  |TAMS 0x000000070be00000, 0x000000070be00000| Untracked 
|  81|0x000000070c000000, 0x000000070c000000, 0x000000070c200000|  0%| F|  |TAMS 0x000000070c000000, 0x000000070c000000| Untracked 
|  82|0x000000070c200000, 0x000000070c200000, 0x000000070c400000|  0%| F|  |TAMS 0x000000070c200000, 0x000000070c200000| Untracked 
|  83|0x000000070c400000, 0x000000070c400000, 0x000000070c600000|  0%| F|  |TAMS 0x000000070c400000, 0x000000070c400000| Untracked 
|  84|0x000000070c600000, 0x000000070c600000, 0x000000070c800000|  0%| F|  |TAMS 0x000000070c600000, 0x000000070c600000| Untracked 
|  85|0x000000070c800000, 0x000000070c800000, 0x000000070ca00000|  0%| F|  |TAMS 0x000000070c800000, 0x000000070c800000| Untracked 
|  86|0x000000070ca00000, 0x000000070ca00000, 0x000000070cc00000|  0%| F|  |TAMS 0x000000070ca00000, 0x000000070ca00000| Untracked 
|  87|0x000000070cc00000, 0x000000070cc00000, 0x000000070ce00000|  0%| F|  |TAMS 0x000000070cc00000, 0x000000070cc00000| Untracked 
|  88|0x000000070ce00000, 0x000000070ce00000, 0x000000070d000000|  0%| F|  |TAMS 0x000000070ce00000, 0x000000070ce00000| Untracked 
|  89|0x000000070d000000, 0x000000070d000000, 0x000000070d200000|  0%| F|  |TAMS 0x000000070d000000, 0x000000070d000000| Untracked 
|  90|0x000000070d200000, 0x000000070d200000, 0x000000070d400000|  0%| F|  |TAMS 0x000000070d200000, 0x000000070d200000| Untracked 
|  91|0x000000070d400000, 0x000000070d400000, 0x000000070d600000|  0%| F|  |TAMS 0x000000070d400000, 0x000000070d400000| Untracked 
|  92|0x000000070d600000, 0x000000070d600000, 0x000000070d800000|  0%| F|  |TAMS 0x000000070d600000, 0x000000070d600000| Untracked 
|  93|0x000000070d800000, 0x000000070d800000, 0x000000070da00000|  0%| F|  |TAMS 0x000000070d800000, 0x000000070d800000| Untracked 
|  94|0x000000070da00000, 0x000000070da00000, 0x000000070dc00000|  0%| F|  |TAMS 0x000000070da00000, 0x000000070da00000| Untracked 
|  95|0x000000070dc00000, 0x000000070dc00000, 0x000000070de00000|  0%| F|  |TAMS 0x000000070dc00000, 0x000000070dc00000| Untracked 
|  96|0x000000070de00000, 0x000000070de00000, 0x000000070e000000|  0%| F|  |TAMS 0x000000070de00000, 0x000000070de00000| Untracked 
|  97|0x000000070e000000, 0x000000070e000000, 0x000000070e200000|  0%| F|  |TAMS 0x000000070e000000, 0x000000070e000000| Untracked 
|  98|0x000000070e200000, 0x000000070e200000, 0x000000070e400000|  0%| F|  |TAMS 0x000000070e200000, 0x000000070e200000| Untracked 
|  99|0x000000070e400000, 0x000000070e400000, 0x000000070e600000|  0%| F|  |TAMS 0x000000070e400000, 0x000000070e400000| Untracked 
| 100|0x000000070e600000, 0x000000070e600000, 0x000000070e800000|  0%| F|  |TAMS 0x000000070e600000, 0x000000070e600000| Untracked 
| 101|0x000000070e800000, 0x000000070e800000, 0x000000070ea00000|  0%| F|  |TAMS 0x000000070e800000, 0x000000070e800000| Untracked 
| 102|0x000000070ea00000, 0x000000070ea00000, 0x000000070ec00000|  0%| F|  |TAMS 0x000000070ea00000, 0x000000070ea00000| Untracked 
| 103|0x000000070ec00000, 0x000000070ec00000, 0x000000070ee00000|  0%| F|  |TAMS 0x000000070ec00000, 0x000000070ec00000| Untracked 
| 104|0x000000070ee00000, 0x000000070ee00000, 0x000000070f000000|  0%| F|  |TAMS 0x000000070ee00000, 0x000000070ee00000| Untracked 
| 105|0x000000070f000000, 0x000000070f000000, 0x000000070f200000|  0%| F|  |TAMS 0x000000070f000000, 0x000000070f000000| Untracked 
| 106|0x000000070f200000, 0x000000070f200000, 0x000000070f400000|  0%| F|  |TAMS 0x000000070f200000, 0x000000070f200000| Untracked 
| 107|0x000000070f400000, 0x000000070f400000, 0x000000070f600000|  0%| F|  |TAMS 0x000000070f400000, 0x000000070f400000| Untracked 
| 108|0x000000070f600000, 0x000000070f600000, 0x000000070f800000|  0%| F|  |TAMS 0x000000070f600000, 0x000000070f600000| Untracked 
| 109|0x000000070f800000, 0x000000070f800000, 0x000000070fa00000|  0%| F|  |TAMS 0x000000070f800000, 0x000000070f800000| Untracked 
| 110|0x000000070fa00000, 0x000000070fa00000, 0x000000070fc00000|  0%| F|  |TAMS 0x000000070fa00000, 0x000000070fa00000| Untracked 
| 111|0x000000070fc00000, 0x000000070fc00000, 0x000000070fe00000|  0%| F|  |TAMS 0x000000070fc00000, 0x000000070fc00000| Untracked 
| 112|0x000000070fe00000, 0x000000070fe00000, 0x0000000710000000|  0%| F|  |TAMS 0x000000070fe00000, 0x000000070fe00000| Untracked 
| 113|0x0000000710000000, 0x0000000710000000, 0x0000000710200000|  0%| F|  |TAMS 0x0000000710000000, 0x0000000710000000| Untracked 
| 114|0x0000000710200000, 0x00000007102258e8, 0x0000000710400000|  7%| S|CS|TAMS 0x0000000710200000, 0x0000000710200000| Complete 
| 115|0x0000000710400000, 0x0000000710600000, 0x0000000710600000|100%| S|CS|TAMS 0x0000000710400000, 0x0000000710400000| Complete 
| 116|0x0000000710600000, 0x0000000710800000, 0x0000000710800000|100%| S|CS|TAMS 0x0000000710600000, 0x0000000710600000| Complete 
| 117|0x0000000710800000, 0x0000000710a00000, 0x0000000710a00000|100%| S|CS|TAMS 0x0000000710800000, 0x0000000710800000| Complete 
| 118|0x0000000710a00000, 0x0000000710c00000, 0x0000000710c00000|100%| S|CS|TAMS 0x0000000710a00000, 0x0000000710a00000| Complete 
| 119|0x0000000710c00000, 0x0000000710e00000, 0x0000000710e00000|100%| S|CS|TAMS 0x0000000710c00000, 0x0000000710c00000| Complete 
| 120|0x0000000710e00000, 0x0000000711000000, 0x0000000711000000|100%| S|CS|TAMS 0x0000000710e00000, 0x0000000710e00000| Complete 
| 121|0x0000000711000000, 0x0000000711000000, 0x0000000711200000|  0%| F|  |TAMS 0x0000000711000000, 0x0000000711000000| Untracked 
| 122|0x0000000711200000, 0x0000000711200000, 0x0000000711400000|  0%| F|  |TAMS 0x0000000711200000, 0x0000000711200000| Untracked 
| 123|0x0000000711400000, 0x0000000711400000, 0x0000000711600000|  0%| F|  |TAMS 0x0000000711400000, 0x0000000711400000| Untracked 
| 124|0x0000000711600000, 0x0000000711600000, 0x0000000711800000|  0%| F|  |TAMS 0x0000000711600000, 0x0000000711600000| Untracked 
| 125|0x0000000711800000, 0x0000000711800000, 0x0000000711a00000|  0%| F|  |TAMS 0x0000000711800000, 0x0000000711800000| Untracked 
| 126|0x0000000711a00000, 0x0000000711a00000, 0x0000000711c00000|  0%| F|  |TAMS 0x0000000711a00000, 0x0000000711a00000| Untracked 
| 127|0x0000000711c00000, 0x0000000711c00000, 0x0000000711e00000|  0%| F|  |TAMS 0x0000000711c00000, 0x0000000711c00000| Untracked 
| 128|0x0000000711e00000, 0x0000000711e00000, 0x0000000712000000|  0%| F|  |TAMS 0x0000000711e00000, 0x0000000711e00000| Untracked 
| 129|0x0000000712000000, 0x0000000712000000, 0x0000000712200000|  0%| F|  |TAMS 0x0000000712000000, 0x0000000712000000| Untracked 
| 130|0x0000000712200000, 0x0000000712200000, 0x0000000712400000|  0%| F|  |TAMS 0x0000000712200000, 0x0000000712200000| Untracked 
| 131|0x0000000712400000, 0x0000000712400000, 0x0000000712600000|  0%| F|  |TAMS 0x0000000712400000, 0x0000000712400000| Untracked 
| 132|0x0000000712600000, 0x0000000712600000, 0x0000000712800000|  0%| F|  |TAMS 0x0000000712600000, 0x0000000712600000| Untracked 
| 133|0x0000000712800000, 0x0000000712800000, 0x0000000712a00000|  0%| F|  |TAMS 0x0000000712800000, 0x0000000712800000| Untracked 
| 134|0x0000000712a00000, 0x0000000712a00000, 0x0000000712c00000|  0%| F|  |TAMS 0x0000000712a00000, 0x0000000712a00000| Untracked 
| 135|0x0000000712c00000, 0x0000000712c00000, 0x0000000712e00000|  0%| F|  |TAMS 0x0000000712c00000, 0x0000000712c00000| Untracked 
| 136|0x0000000712e00000, 0x0000000712e00000, 0x0000000713000000|  0%| F|  |TAMS 0x0000000712e00000, 0x0000000712e00000| Untracked 
| 137|0x0000000713000000, 0x0000000713000000, 0x0000000713200000|  0%| F|  |TAMS 0x0000000713000000, 0x0000000713000000| Untracked 
| 138|0x0000000713200000, 0x0000000713200000, 0x0000000713400000|  0%| F|  |TAMS 0x0000000713200000, 0x0000000713200000| Untracked 
| 139|0x0000000713400000, 0x0000000713400000, 0x0000000713600000|  0%| F|  |TAMS 0x0000000713400000, 0x0000000713400000| Untracked 
| 140|0x0000000713600000, 0x0000000713600000, 0x0000000713800000|  0%| F|  |TAMS 0x0000000713600000, 0x0000000713600000| Untracked 
| 141|0x0000000713800000, 0x0000000713800000, 0x0000000713a00000|  0%| F|  |TAMS 0x0000000713800000, 0x0000000713800000| Untracked 
| 142|0x0000000713a00000, 0x0000000713a00000, 0x0000000713c00000|  0%| F|  |TAMS 0x0000000713a00000, 0x0000000713a00000| Untracked 
| 143|0x0000000713c00000, 0x0000000713c00000, 0x0000000713e00000|  0%| F|  |TAMS 0x0000000713c00000, 0x0000000713c00000| Untracked 
| 144|0x0000000713e00000, 0x0000000713e00000, 0x0000000714000000|  0%| F|  |TAMS 0x0000000713e00000, 0x0000000713e00000| Untracked 
| 145|0x0000000714000000, 0x0000000714000000, 0x0000000714200000|  0%| F|  |TAMS 0x0000000714000000, 0x0000000714000000| Untracked 
| 146|0x0000000714200000, 0x0000000714200000, 0x0000000714400000|  0%| F|  |TAMS 0x0000000714200000, 0x0000000714200000| Untracked 
| 147|0x0000000714400000, 0x0000000714400000, 0x0000000714600000|  0%| F|  |TAMS 0x0000000714400000, 0x0000000714400000| Untracked 
| 148|0x0000000714600000, 0x0000000714600000, 0x0000000714800000|  0%| F|  |TAMS 0x0000000714600000, 0x0000000714600000| Untracked 
| 149|0x0000000714800000, 0x0000000714800000, 0x0000000714a00000|  0%| F|  |TAMS 0x0000000714800000, 0x0000000714800000| Untracked 
| 150|0x0000000714a00000, 0x0000000714a00000, 0x0000000714c00000|  0%| F|  |TAMS 0x0000000714a00000, 0x0000000714a00000| Untracked 
| 151|0x0000000714c00000, 0x0000000714c00000, 0x0000000714e00000|  0%| F|  |TAMS 0x0000000714c00000, 0x0000000714c00000| Untracked 
| 152|0x0000000714e00000, 0x0000000714e00000, 0x0000000715000000|  0%| F|  |TAMS 0x0000000714e00000, 0x0000000714e00000| Untracked 
| 153|0x0000000715000000, 0x0000000715000000, 0x0000000715200000|  0%| F|  |TAMS 0x0000000715000000, 0x0000000715000000| Untracked 
| 154|0x0000000715200000, 0x0000000715200000, 0x0000000715400000|  0%| F|  |TAMS 0x0000000715200000, 0x0000000715200000| Untracked 
| 155|0x0000000715400000, 0x0000000715400000, 0x0000000715600000|  0%| F|  |TAMS 0x0000000715400000, 0x0000000715400000| Untracked 
| 156|0x0000000715600000, 0x0000000715600000, 0x0000000715800000|  0%| F|  |TAMS 0x0000000715600000, 0x0000000715600000| Untracked 
| 157|0x0000000715800000, 0x0000000715800000, 0x0000000715a00000|  0%| F|  |TAMS 0x0000000715800000, 0x0000000715800000| Untracked 
| 158|0x0000000715a00000, 0x0000000715a00000, 0x0000000715c00000|  0%| F|  |TAMS 0x0000000715a00000, 0x0000000715a00000| Untracked 
| 159|0x0000000715c00000, 0x0000000715c00000, 0x0000000715e00000|  0%| F|  |TAMS 0x0000000715c00000, 0x0000000715c00000| Untracked 
| 160|0x0000000715e00000, 0x0000000715e00000, 0x0000000716000000|  0%| F|  |TAMS 0x0000000715e00000, 0x0000000715e00000| Untracked 
| 161|0x0000000716000000, 0x0000000716000000, 0x0000000716200000|  0%| F|  |TAMS 0x0000000716000000, 0x0000000716000000| Untracked 
| 162|0x0000000716200000, 0x0000000716200000, 0x0000000716400000|  0%| F|  |TAMS 0x0000000716200000, 0x0000000716200000| Untracked 
| 163|0x0000000716400000, 0x0000000716400000, 0x0000000716600000|  0%| F|  |TAMS 0x0000000716400000, 0x0000000716400000| Untracked 
| 164|0x0000000716600000, 0x0000000716600000, 0x0000000716800000|  0%| F|  |TAMS 0x0000000716600000, 0x0000000716600000| Untracked 
| 165|0x0000000716800000, 0x0000000716800000, 0x0000000716a00000|  0%| F|  |TAMS 0x0000000716800000, 0x0000000716800000| Untracked 
| 166|0x0000000716a00000, 0x0000000716a00000, 0x0000000716c00000|  0%| F|  |TAMS 0x0000000716a00000, 0x0000000716a00000| Untracked 
| 167|0x0000000716c00000, 0x0000000716c00000, 0x0000000716e00000|  0%| F|  |TAMS 0x0000000716c00000, 0x0000000716c00000| Untracked 
| 168|0x0000000716e00000, 0x0000000716e00000, 0x0000000717000000|  0%| F|  |TAMS 0x0000000716e00000, 0x0000000716e00000| Untracked 
| 169|0x0000000717000000, 0x0000000717000000, 0x0000000717200000|  0%| F|  |TAMS 0x0000000717000000, 0x0000000717000000| Untracked 
| 170|0x0000000717200000, 0x0000000717200000, 0x0000000717400000|  0%| F|  |TAMS 0x0000000717200000, 0x0000000717200000| Untracked 
| 171|0x0000000717400000, 0x0000000717400000, 0x0000000717600000|  0%| F|  |TAMS 0x0000000717400000, 0x0000000717400000| Untracked 
| 172|0x0000000717600000, 0x0000000717600000, 0x0000000717800000|  0%| F|  |TAMS 0x0000000717600000, 0x0000000717600000| Untracked 
| 173|0x0000000717800000, 0x0000000717800000, 0x0000000717a00000|  0%| F|  |TAMS 0x0000000717800000, 0x0000000717800000| Untracked 
| 174|0x0000000717a00000, 0x0000000717a00000, 0x0000000717c00000|  0%| F|  |TAMS 0x0000000717a00000, 0x0000000717a00000| Untracked 
| 175|0x0000000717c00000, 0x0000000717c00000, 0x0000000717e00000|  0%| F|  |TAMS 0x0000000717c00000, 0x0000000717c00000| Untracked 
| 176|0x0000000717e00000, 0x0000000717e00000, 0x0000000718000000|  0%| F|  |TAMS 0x0000000717e00000, 0x0000000717e00000| Untracked 
| 177|0x0000000718000000, 0x0000000718000000, 0x0000000718200000|  0%| F|  |TAMS 0x0000000718000000, 0x0000000718000000| Untracked 
| 178|0x0000000718200000, 0x0000000718200000, 0x0000000718400000|  0%| F|  |TAMS 0x0000000718200000, 0x0000000718200000| Untracked 
| 179|0x0000000718400000, 0x0000000718600000, 0x0000000718600000|100%| E|  |TAMS 0x0000000718400000, 0x0000000718400000| Complete 
| 180|0x0000000718600000, 0x0000000718800000, 0x0000000718800000|100%| E|CS|TAMS 0x0000000718600000, 0x0000000718600000| Complete 
| 181|0x0000000718800000, 0x0000000718a00000, 0x0000000718a00000|100%| E|CS|TAMS 0x0000000718800000, 0x0000000718800000| Complete 
| 182|0x0000000718a00000, 0x0000000718c00000, 0x0000000718c00000|100%| E|CS|TAMS 0x0000000718a00000, 0x0000000718a00000| Complete 
| 183|0x0000000718c00000, 0x0000000718e00000, 0x0000000718e00000|100%| E|CS|TAMS 0x0000000718c00000, 0x0000000718c00000| Complete 
| 184|0x0000000718e00000, 0x0000000719000000, 0x0000000719000000|100%| E|CS|TAMS 0x0000000718e00000, 0x0000000718e00000| Complete 
| 185|0x0000000719000000, 0x0000000719200000, 0x0000000719200000|100%| E|CS|TAMS 0x0000000719000000, 0x0000000719000000| Complete 
| 186|0x0000000719200000, 0x0000000719400000, 0x0000000719400000|100%| E|CS|TAMS 0x0000000719200000, 0x0000000719200000| Complete 
| 187|0x0000000719400000, 0x0000000719600000, 0x0000000719600000|100%| E|CS|TAMS 0x0000000719400000, 0x0000000719400000| Complete 
| 188|0x0000000719600000, 0x0000000719800000, 0x0000000719800000|100%| E|CS|TAMS 0x0000000719600000, 0x0000000719600000| Complete 
| 189|0x0000000719800000, 0x0000000719a00000, 0x0000000719a00000|100%| E|CS|TAMS 0x0000000719800000, 0x0000000719800000| Complete 
| 190|0x0000000719a00000, 0x0000000719c00000, 0x0000000719c00000|100%| E|CS|TAMS 0x0000000719a00000, 0x0000000719a00000| Complete 
| 191|0x0000000719c00000, 0x0000000719e00000, 0x0000000719e00000|100%| E|CS|TAMS 0x0000000719c00000, 0x0000000719c00000| Complete 
| 192|0x0000000719e00000, 0x000000071a000000, 0x000000071a000000|100%| E|CS|TAMS 0x0000000719e00000, 0x0000000719e00000| Complete 
| 193|0x000000071a000000, 0x000000071a200000, 0x000000071a200000|100%| E|CS|TAMS 0x000000071a000000, 0x000000071a000000| Complete 
| 194|0x000000071a200000, 0x000000071a400000, 0x000000071a400000|100%| E|CS|TAMS 0x000000071a200000, 0x000000071a200000| Complete 
| 195|0x000000071a400000, 0x000000071a600000, 0x000000071a600000|100%| E|CS|TAMS 0x000000071a400000, 0x000000071a400000| Complete 
| 196|0x000000071a600000, 0x000000071a800000, 0x000000071a800000|100%| E|CS|TAMS 0x000000071a600000, 0x000000071a600000| Complete 
| 197|0x000000071a800000, 0x000000071aa00000, 0x000000071aa00000|100%| E|CS|TAMS 0x000000071a800000, 0x000000071a800000| Complete 
| 198|0x000000071aa00000, 0x000000071ac00000, 0x000000071ac00000|100%| E|CS|TAMS 0x000000071aa00000, 0x000000071aa00000| Complete 
| 199|0x000000071ac00000, 0x000000071ae00000, 0x000000071ae00000|100%| E|CS|TAMS 0x000000071ac00000, 0x000000071ac00000| Complete 
| 200|0x000000071ae00000, 0x000000071b000000, 0x000000071b000000|100%| E|CS|TAMS 0x000000071ae00000, 0x000000071ae00000| Complete 
| 201|0x000000071b000000, 0x000000071b200000, 0x000000071b200000|100%| E|CS|TAMS 0x000000071b000000, 0x000000071b000000| Complete 
| 202|0x000000071b200000, 0x000000071b400000, 0x000000071b400000|100%| E|CS|TAMS 0x000000071b200000, 0x000000071b200000| Complete 
| 203|0x000000071b400000, 0x000000071b600000, 0x000000071b600000|100%| E|CS|TAMS 0x000000071b400000, 0x000000071b400000| Complete 
| 204|0x000000071b600000, 0x000000071b800000, 0x000000071b800000|100%| E|CS|TAMS 0x000000071b600000, 0x000000071b600000| Complete 
| 205|0x000000071b800000, 0x000000071ba00000, 0x000000071ba00000|100%| E|CS|TAMS 0x000000071b800000, 0x000000071b800000| Complete 
| 206|0x000000071ba00000, 0x000000071bc00000, 0x000000071bc00000|100%| E|CS|TAMS 0x000000071ba00000, 0x000000071ba00000| Complete 
| 207|0x000000071bc00000, 0x000000071be00000, 0x000000071be00000|100%| E|CS|TAMS 0x000000071bc00000, 0x000000071bc00000| Complete 
| 208|0x000000071be00000, 0x000000071c000000, 0x000000071c000000|100%| E|CS|TAMS 0x000000071be00000, 0x000000071be00000| Complete 
| 209|0x000000071c000000, 0x000000071c200000, 0x000000071c200000|100%| E|CS|TAMS 0x000000071c000000, 0x000000071c000000| Complete 
| 210|0x000000071c200000, 0x000000071c400000, 0x000000071c400000|100%| E|CS|TAMS 0x000000071c200000, 0x000000071c200000| Complete 
| 211|0x000000071c400000, 0x000000071c600000, 0x000000071c600000|100%| E|CS|TAMS 0x000000071c400000, 0x000000071c400000| Complete 
| 212|0x000000071c600000, 0x000000071c800000, 0x000000071c800000|100%| E|CS|TAMS 0x000000071c600000, 0x000000071c600000| Complete 
| 213|0x000000071c800000, 0x000000071ca00000, 0x000000071ca00000|100%| E|CS|TAMS 0x000000071c800000, 0x000000071c800000| Complete 
| 214|0x000000071ca00000, 0x000000071cc00000, 0x000000071cc00000|100%| E|CS|TAMS 0x000000071ca00000, 0x000000071ca00000| Complete 
| 215|0x000000071cc00000, 0x000000071ce00000, 0x000000071ce00000|100%| E|CS|TAMS 0x000000071cc00000, 0x000000071cc00000| Complete 
| 216|0x000000071ce00000, 0x000000071d000000, 0x000000071d000000|100%| E|CS|TAMS 0x000000071ce00000, 0x000000071ce00000| Complete 
| 217|0x000000071d000000, 0x000000071d200000, 0x000000071d200000|100%| E|CS|TAMS 0x000000071d000000, 0x000000071d000000| Complete 
| 218|0x000000071d200000, 0x000000071d400000, 0x000000071d400000|100%| E|CS|TAMS 0x000000071d200000, 0x000000071d200000| Complete 
| 219|0x000000071d400000, 0x000000071d600000, 0x000000071d600000|100%| E|CS|TAMS 0x000000071d400000, 0x000000071d400000| Complete 
| 220|0x000000071d600000, 0x000000071d800000, 0x000000071d800000|100%| E|CS|TAMS 0x000000071d600000, 0x000000071d600000| Complete 
| 221|0x000000071d800000, 0x000000071da00000, 0x000000071da00000|100%| E|CS|TAMS 0x000000071d800000, 0x000000071d800000| Complete 
| 222|0x000000071da00000, 0x000000071dc00000, 0x000000071dc00000|100%| E|CS|TAMS 0x000000071da00000, 0x000000071da00000| Complete 
| 223|0x000000071dc00000, 0x000000071de00000, 0x000000071de00000|100%| E|CS|TAMS 0x000000071dc00000, 0x000000071dc00000| Complete 

Card table byte_map: [0x00000253acb80000,0x00000253ad380000] _byte_map_base: 0x00000253a9371000

Marking Bits (Prev, Next): (CMBitMap*) 0x0000025399beeb20, (CMBitMap*) 0x0000025399beeae0
 Prev Bits: [0x00000253b1b10000, 0x00000253b5a98000)
 Next Bits: [0x00000253adb80000, 0x00000253b1b08000)

Polling page: 0x0000025397a90000

Metaspace:

Usage:
  Non-class:     86.03 MB used.
      Class:     10.33 MB used.
       Both:     96.35 MB used.

Virtual space:
  Non-class space:      128.00 MB reserved,      86.19 MB ( 67%) committed,  2 nodes.
      Class space:        1.00 GB reserved,      10.44 MB (  1%) committed,  1 nodes.
             Both:        1.12 GB reserved,      96.62 MB (  8%) committed. 

Chunk freelists:
   Non-Class:  9.77 MB
       Class:  5.56 MB
        Both:  15.33 MB

MaxMetaspaceSize: unlimited
CompressedClassSpaceSize: 1.00 GB
Initial GC threshold: 21.00 MB
Current GC threshold: 148.38 MB
CDS: off
MetaspaceReclaimPolicy: balanced
 - commit_granule_bytes: 65536.
 - commit_granule_words: 8192.
 - virtual_space_node_default_size: 8388608.
 - enlarge_chunks_in_place: 1.
 - new_chunks_are_fully_committed: 0.
 - uncommit_free_chunks: 1.
 - use_allocation_guard: 0.
 - handle_deallocations: 1.


Internal statistics:

num_allocs_failed_limit: 15.
num_arena_births: 396.
num_arena_deaths: 0.
num_vsnodes_births: 3.
num_vsnodes_deaths: 0.
num_space_committed: 1544.
num_space_uncommitted: 0.
num_chunks_returned_to_freelist: 15.
num_chunks_taken_from_freelist: 3679.
num_chunk_merges: 15.
num_chunk_splits: 3001.
num_chunks_enlarged: 2645.
num_inconsistent_stats: 0.

CodeHeap 'non-profiled nmethods': size=120000Kb used=10765Kb max_used=10765Kb free=109234Kb
 bounds [0x00000253a4b20000, 0x00000253a55b0000, 0x00000253ac050000]
CodeHeap 'profiled nmethods': size=120000Kb used=54222Kb max_used=54222Kb free=65777Kb
 bounds [0x000002539d050000, 0x00000253a0550000, 0x00000253a4580000]
CodeHeap 'non-nmethods': size=5760Kb used=1415Kb max_used=1519Kb free=4344Kb
 bounds [0x00000253a4580000, 0x00000253a47f0000, 0x00000253a4b20000]
 total_blobs=19298 nmethods=18549 adapters=654
 compilation: enabled
              stopped_count=0, restarted_count=0
 full_count=0

Compilation events (20 events):
Event: 26.369 Thread 0x00000253b871dfe0 nmethod 22857 0x00000253a5591f90 code [0x00000253a5592120, 0x00000253a55921f8]
Event: 26.369 Thread 0x00000253b871dfe0 22858       1       org.jetbrains.kotlin.codegen.inline.TypeRemapper::access$getTypeMapping$p (5 bytes)
Event: 26.370 Thread 0x00000253b871dfe0 nmethod 22858 0x00000253a5592290 code [0x00000253a5592420, 0x00000253a55924d8]
Event: 26.370 Thread 0x00000253b871dfe0 22859       2       org.jetbrains.kotlin.resolve.jvm.JvmClassName::byInternalName (17 bytes)
Event: 26.371 Thread 0x00000253b871dfe0 nmethod 22859 0x00000253a053d490 code [0x00000253a053d640, 0x00000253a053d858]
Event: 26.371 Thread 0x00000253b871dfe0 22860       2       org.jetbrains.kotlin.codegen.inline.MethodInlinerUtilKt$findCapturedFieldAssignmentInstructions$$inlined$filterIsInstance$1::invoke (6 bytes)
Event: 26.371 Thread 0x00000253b871dfe0 nmethod 22860 0x00000253a053d990 code [0x00000253a053db20, 0x00000253a053dc78]
Event: 26.371 Thread 0x00000253b871dfe0 22861       2       org.jetbrains.kotlin.codegen.inline.MethodInlinerUtilKt$findCapturedFieldAssignmentInstructions$$inlined$filterIsInstance$1::invoke (8 bytes)
Event: 26.371 Thread 0x00000253b871dfe0 nmethod 22861 0x00000253a053dd10 code [0x00000253a053dea0, 0x00000253a053dff8]
Event: 26.373 Thread 0x00000253b871dfe0 22862       2       org.jetbrains.org.objectweb.asm.commons.AnnotationRemapper::visit (14 bytes)
Event: 26.373 Thread 0x00000253b871dfe0 nmethod 22862 0x00000253a053e090 code [0x00000253a053e240, 0x00000253a053e3b8]
Event: 26.373 Thread 0x00000253b871dfe0 22863       2       org.jetbrains.org.objectweb.asm.AnnotationVisitor::visit (17 bytes)
Event: 26.373 Thread 0x00000253b871dfe0 nmethod 22863 0x00000253a053e510 code [0x00000253a053e6a0, 0x00000253a053e7e8]
Event: 26.373 Thread 0x00000253b871dfe0 22864       1       org.jetbrains.kotlin.codegen.inline.ObjectTransformer::getState (5 bytes)
Event: 26.373 Thread 0x00000253b871dfe0 nmethod 22864 0x00000253a5592590 code [0x00000253a5592720, 0x00000253a55927f8]
Event: 26.373 Thread 0x00000253b871dfe0 22865       2       org.jetbrains.kotlin.codegen.inline.LocalVarRemapper::visitLocalVariable (82 bytes)
Event: 26.374 Thread 0x00000253b871dfe0 nmethod 22865 0x00000253a053e890 code [0x00000253a053ebe0, 0x00000253a053f788]
Event: 26.375 Thread 0x00000253b871dfe0 22866       1       org.jetbrains.kotlin.codegen.state.GenerationState::getInlineCache (5 bytes)
Event: 26.375 Thread 0x00000253b871dfe0 nmethod 22866 0x00000253a5592890 code [0x00000253a5592a20, 0x00000253a5592af8]
Event: 26.375 Thread 0x00000253b871dfe0 22867       2       org.jetbrains.kotlin.ir.util.RenderIrElementKt::renderClassifierFqn (139 bytes)

GC Heap History (20 events):
Event: 16.092 GC heap before
{Heap before GC invocations=21 (full 0):
 garbage-first heap   total 186368K, used 144146K [0x0000000701e00000, 0x0000000800000000)
  region size 2048K, 30 young (61440K), 5 survivors (10240K)
 Metaspace       used 71957K, committed 72256K, reserved 1114112K
  class space    used 8290K, committed 8448K, reserved 1048576K
}
Event: 16.111 GC heap after
{Heap after GC invocations=22 (full 0):
 garbage-first heap   total 186368K, used 98748K [0x0000000701e00000, 0x0000000800000000)
  region size 2048K, 3 young (6144K), 3 survivors (6144K)
 Metaspace       used 71957K, committed 72256K, reserved 1114112K
  class space    used 8290K, committed 8448K, reserved 1048576K
}
Event: 17.369 GC heap before
{Heap before GC invocations=23 (full 0):
 garbage-first heap   total 186368K, used 147900K [0x0000000701e00000, 0x0000000800000000)
  region size 2048K, 27 young (55296K), 3 survivors (6144K)
 Metaspace       used 72680K, committed 72960K, reserved 1114112K
  class space    used 8336K, committed 8512K, reserved 1048576K
}
Event: 17.381 GC heap after
{Heap after GC invocations=24 (full 0):
 garbage-first heap   total 186368K, used 102198K [0x0000000701e00000, 0x0000000800000000)
  region size 2048K, 2 young (4096K), 2 survivors (4096K)
 Metaspace       used 72680K, committed 72960K, reserved 1114112K
  class space    used 8336K, committed 8512K, reserved 1048576K
}
Event: 17.430 GC heap before
{Heap before GC invocations=24 (full 0):
 garbage-first heap   total 186368K, used 106294K [0x0000000701e00000, 0x0000000800000000)
  region size 2048K, 4 young (8192K), 2 survivors (4096K)
 Metaspace       used 72741K, committed 73024K, reserved 1114112K
  class space    used 8339K, committed 8512K, reserved 1048576K
}
Event: 17.443 GC heap after
{Heap after GC invocations=25 (full 0):
 garbage-first heap   total 225280K, used 101944K [0x0000000701e00000, 0x0000000800000000)
  region size 2048K, 1 young (2048K), 1 survivors (2048K)
 Metaspace       used 72741K, committed 73024K, reserved 1114112K
  class space    used 8339K, committed 8512K, reserved 1048576K
}
Event: 19.270 GC heap before
{Heap before GC invocations=25 (full 0):
 garbage-first heap   total 225280K, used 177720K [0x0000000701e00000, 0x0000000800000000)
  region size 2048K, 38 young (77824K), 1 survivors (2048K)
 Metaspace       used 79296K, committed 79616K, reserved 1179648K
  class space    used 8938K, committed 9088K, reserved 1048576K
}
Event: 19.281 GC heap after
{Heap after GC invocations=26 (full 0):
 garbage-first heap   total 225280K, used 108438K [0x0000000701e00000, 0x0000000800000000)
  region size 2048K, 4 young (8192K), 4 survivors (8192K)
 Metaspace       used 79296K, committed 79616K, reserved 1179648K
  class space    used 8938K, committed 9088K, reserved 1048576K
}
Event: 20.653 GC heap before
{Heap before GC invocations=27 (full 0):
 garbage-first heap   total 225280K, used 178070K [0x0000000701e00000, 0x0000000800000000)
  region size 2048K, 38 young (77824K), 4 survivors (8192K)
 Metaspace       used 83744K, committed 84096K, reserved 1179648K
  class space    used 9375K, committed 9536K, reserved 1048576K
}
Event: 20.671 GC heap after
{Heap after GC invocations=28 (full 0):
 garbage-first heap   total 225280K, used 117848K [0x0000000701e00000, 0x0000000800000000)
  region size 2048K, 5 young (10240K), 5 survivors (10240K)
 Metaspace       used 83744K, committed 84096K, reserved 1179648K
  class space    used 9375K, committed 9536K, reserved 1048576K
}
Event: 20.720 GC heap before
{Heap before GC invocations=28 (full 0):
 garbage-first heap   total 225280K, used 119896K [0x0000000701e00000, 0x0000000800000000)
  region size 2048K, 6 young (12288K), 5 survivors (10240K)
 Metaspace       used 84261K, committed 84608K, reserved 1179648K
  class space    used 9434K, committed 9600K, reserved 1048576K
}
Event: 20.731 GC heap after
{Heap after GC invocations=29 (full 0):
 garbage-first heap   total 225280K, used 119039K [0x0000000701e00000, 0x0000000800000000)
  region size 2048K, 1 young (2048K), 1 survivors (2048K)
 Metaspace       used 84261K, committed 84608K, reserved 1179648K
  class space    used 9434K, committed 9600K, reserved 1048576K
}
Event: 22.062 GC heap before
{Heap before GC invocations=29 (full 0):
 garbage-first heap   total 225280K, used 180479K [0x0000000701e00000, 0x0000000800000000)
  region size 2048K, 31 young (63488K), 1 survivors (2048K)
 Metaspace       used 90588K, committed 90880K, reserved 1179648K
  class space    used 10040K, committed 10176K, reserved 1048576K
}
Event: 22.070 GC heap after
{Heap after GC invocations=30 (full 0):
 garbage-first heap   total 225280K, used 122946K [0x0000000701e00000, 0x0000000800000000)
  region size 2048K, 3 young (6144K), 3 survivors (6144K)
 Metaspace       used 90588K, committed 90880K, reserved 1179648K
  class space    used 10040K, committed 10176K, reserved 1048576K
}
Event: 22.620 GC heap before
{Heap before GC invocations=31 (full 0):
 garbage-first heap   total 229376K, used 176194K [0x0000000701e00000, 0x0000000800000000)
  region size 2048K, 30 young (61440K), 3 survivors (6144K)
 Metaspace       used 91072K, committed 91392K, reserved 1179648K
  class space    used 10057K, committed 10240K, reserved 1048576K
}
Event: 22.629 GC heap after
{Heap after GC invocations=32 (full 0):
 garbage-first heap   total 229376K, used 123381K [0x0000000701e00000, 0x0000000800000000)
  region size 2048K, 2 young (4096K), 2 survivors (4096K)
 Metaspace       used 91072K, committed 91392K, reserved 1179648K
  class space    used 10057K, committed 10240K, reserved 1048576K
}
Event: 22.686 GC heap before
{Heap before GC invocations=32 (full 0):
 garbage-first heap   total 229376K, used 129525K [0x0000000701e00000, 0x0000000800000000)
  region size 2048K, 5 young (10240K), 2 survivors (4096K)
 Metaspace       used 91167K, committed 91520K, reserved 1179648K
  class space    used 10067K, committed 10240K, reserved 1048576K
}
Event: 22.693 GC heap after
{Heap after GC invocations=33 (full 0):
 garbage-first heap   total 458752K, used 120400K [0x0000000701e00000, 0x0000000800000000)
  region size 2048K, 1 young (2048K), 1 survivors (2048K)
 Metaspace       used 91167K, committed 91520K, reserved 1179648K
  class space    used 10067K, committed 10240K, reserved 1048576K
}
Event: 25.450 GC heap before
{Heap before GC invocations=33 (full 0):
 garbage-first heap   total 458752K, used 331344K [0x0000000701e00000, 0x0000000800000000)
  region size 2048K, 104 young (212992K), 1 survivors (2048K)
 Metaspace       used 97967K, committed 98304K, reserved 1179648K
  class space    used 10552K, committed 10688K, reserved 1048576K
}
Event: 25.463 GC heap after
{Heap after GC invocations=34 (full 0):
 garbage-first heap   total 458752K, used 132281K [0x0000000701e00000, 0x0000000800000000)
  region size 2048K, 7 young (14336K), 7 survivors (14336K)
 Metaspace       used 97967K, committed 98304K, reserved 1179648K
  class space    used 10552K, committed 10688K, reserved 1048576K
}

Dll operation events (2 events):
Event: 0.011 Loaded shared library C:\Program Files\Android\Android Studio\jbr\bin\java.dll
Event: 1.778 Loaded shared library C:\Program Files\Android\Android Studio\jbr\bin\verify.dll

Deoptimization events (20 events):
Event: 26.079 Thread 0x0000025399b7f690 Uncommon trap: trap_request=0xffffffde fr.pc=0x00000253a5561650 relative=0x0000000000006af0
Event: 26.079 Thread 0x0000025399b7f690 Uncommon trap: reason=class_check action=maybe_recompile pc=0x00000253a5561650 method=org.jetbrains.kotlin.codegen.signature.BothSignatureWriter.signatureVisitor()Lorg/jetbrains/org/objectweb/asm/signature/SignatureVisitor; @ 17 c2
Event: 26.079 Thread 0x0000025399b7f690 DEOPT PACKING pc=0x00000253a5561650 sp=0x000000eb769fcdb0
Event: 26.080 Thread 0x0000025399b7f690 DEOPT UNPACKING pc=0x00000253a45d69a3 sp=0x000000eb769fcd08 mode 2
Event: 26.173 Thread 0x0000025399b7f690 Uncommon trap: trap_request=0xffffff45 fr.pc=0x00000253a54ddf70 relative=0x0000000000004e10
Event: 26.173 Thread 0x0000025399b7f690 Uncommon trap: reason=unstable_if action=reinterpret pc=0x00000253a54ddf70 method=org.jetbrains.org.objectweb.asm.tree.analysis.Frame.execute(Lorg/jetbrains/org/objectweb/asm/tree/AbstractInsnNode;Lorg/jetbrains/org/objectweb/asm/tree/analysis/Interpreter
Event: 26.173 Thread 0x0000025399b7f690 DEOPT PACKING pc=0x00000253a54ddf70 sp=0x000000eb769fd350
Event: 26.173 Thread 0x0000025399b7f690 DEOPT UNPACKING pc=0x00000253a45d69a3 sp=0x000000eb769fd350 mode 2
Event: 26.174 Thread 0x0000025399b7f690 Uncommon trap: trap_request=0xffffff45 fr.pc=0x00000253a54fe840 relative=0x00000000000008a0
Event: 26.174 Thread 0x0000025399b7f690 Uncommon trap: reason=unstable_if action=reinterpret pc=0x00000253a54fe840 method=org.jetbrains.kotlin.codegen.optimization.temporaryVals.StoreLoadFrame.execute(Lorg/jetbrains/org/objectweb/asm/tree/AbstractInsnNode;Lorg/jetbrains/kotlin/codegen/optimizat
Event: 26.175 Thread 0x0000025399b7f690 DEOPT PACKING pc=0x00000253a54fe840 sp=0x000000eb769fd460
Event: 26.175 Thread 0x0000025399b7f690 DEOPT UNPACKING pc=0x00000253a45d69a3 sp=0x000000eb769fd400 mode 2
Event: 26.175 Thread 0x0000025399b7f690 Uncommon trap: trap_request=0xffffff45 fr.pc=0x00000253a5584a74 relative=0x0000000000001554
Event: 26.175 Thread 0x0000025399b7f690 Uncommon trap: reason=unstable_if action=reinterpret pc=0x00000253a5584a74 method=org.jetbrains.kotlin.codegen.optimization.common.UtilKt.removeUnusedLocalVariables(Lorg/jetbrains/org/objectweb/asm/tree/MethodNode;)V @ 236 c2
Event: 26.175 Thread 0x0000025399b7f690 DEOPT PACKING pc=0x00000253a5584a74 sp=0x000000eb769fd880
Event: 26.175 Thread 0x0000025399b7f690 DEOPT UNPACKING pc=0x00000253a45d69a3 sp=0x000000eb769fd828 mode 2
Event: 26.181 Thread 0x0000025399b7f690 Uncommon trap: trap_request=0xffffff45 fr.pc=0x00000253a5569134 relative=0x0000000000000114
Event: 26.181 Thread 0x0000025399b7f690 Uncommon trap: reason=unstable_if action=reinterpret pc=0x00000253a5569134 method=org.jetbrains.kotlin.codegen.optimization.common.OptimizationBasicInterpreter.newValue(Lorg/jetbrains/org/objectweb/asm/Type;)Lorg/jetbrains/kotlin/codegen/optimization/comm
Event: 26.181 Thread 0x0000025399b7f690 DEOPT PACKING pc=0x00000253a5569134 sp=0x000000eb769fd5b0
Event: 26.181 Thread 0x0000025399b7f690 DEOPT UNPACKING pc=0x00000253a45d69a3 sp=0x000000eb769fd540 mode 2

Classes unloaded (0 events):
No events

Classes redefined (0 events):
No events

Internal exceptions (20 events):
Event: 9.137 Thread 0x0000025399b7f690 Implicit null exception at 0x00000253a4bab04d to 0x00000253a4baba00
Event: 9.205 Thread 0x0000025399b7f690 Exception <a 'java/lang/NoSuchMethodError'{0x000000070b550730}: 'int java.lang.invoke.DirectMethodHandle$Holder.invokeStaticInit(java.lang.Object, int)'> (0x000000070b550730) 
thrown [s\src\hotspot\share\interpreter\linkResolver.cpp, line 771]
Event: 9.252 Thread 0x0000025399b7f690 Exception <a 'java/lang/NoSuchMethodError'{0x000000070b3e5a08}: 'java.lang.Object java.lang.invoke.DirectMethodHandle$Holder.invokeStatic(java.lang.Object, int, java.lang.Object)'> (0x000000070b3e5a08) 
thrown [s\src\hotspot\share\interpreter\linkResolver.cpp, line 771]
Event: 10.162 Thread 0x0000025399b7f690 Implicit null exception at 0x00000253a4cacc40 to 0x00000253a4cad450
Event: 10.852 Thread 0x0000025399b7f690 Exception <a 'java/lang/NoSuchMethodError'{0x0000000711cf71f0}: 'java.lang.Object java.lang.invoke.DirectMethodHandle$Holder.newInvokeSpecial(java.lang.Object, int, java.lang.Object, java.lang.Object)'> (0x0000000711cf71f0) 
thrown [s\src\hotspot\share\interpreter\linkResolver.cpp, line 771]
Event: 12.129 Thread 0x0000025399b7f690 Implicit null exception at 0x00000253a4f7fa00 to 0x00000253a4f81dba
Event: 14.429 Thread 0x0000025399b7f690 Implicit null exception at 0x00000253a4dde16a to 0x00000253a4dde71c
Event: 17.086 Thread 0x0000025399b7f690 Implicit null exception at 0x00000253a506bf63 to 0x00000253a506cee8
Event: 17.090 Thread 0x0000025399b7f690 Implicit null exception at 0x00000253a4bddc40 to 0x00000253a4bde1df
Event: 17.134 Thread 0x0000025399b7f690 Implicit null exception at 0x00000253a4bc77ef to 0x00000253a4bc79d4
Event: 18.047 Thread 0x0000025399b7f690 Exception <a 'java/lang/NoSuchMethodError'{0x000000070e12fd18}: 'java.lang.Object java.lang.invoke.DirectMethodHandle$Holder.invokeStaticInit(java.lang.Object, java.lang.Object, java.lang.Object, java.lang.Object)'> (0x000000070e12fd18) 
thrown [s\src\hotspot\share\interpreter\linkResolver.cpp, line 771]
Event: 18.331 Thread 0x0000025399b7f690 Exception <a 'java/lang/NoSuchMethodError'{0x000000070d2e1658}: 'java.lang.Object java.lang.invoke.DirectMethodHandle$Holder.newInvokeSpecial(java.lang.Object, java.lang.Object, java.lang.Object, int, int)'> (0x000000070d2e1658) 
thrown [s\src\hotspot\share\interpreter\linkResolver.cpp, line 771]
Event: 18.332 Thread 0x0000025399b7f690 Exception <a 'java/lang/NoSuchMethodError'{0x000000070d2e5498}: 'java.lang.Object java.lang.invoke.DirectMethodHandle$Holder.invokeSpecial(java.lang.Object, java.lang.Object, java.lang.Object, java.lang.Object, int, int)'> (0x000000070d2e5498) 
thrown [s\src\hotspot\share\interpreter\linkResolver.cpp, line 771]
Event: 18.812 Thread 0x0000025399b7f690 Exception <a 'java/lang/NoSuchMethodError'{0x000000070c43e200}: 'java.lang.Object java.lang.invoke.DirectMethodHandle$Holder.invokeSpecial(java.lang.Object, java.lang.Object, int, int, java.lang.Object, java.lang.Object, java.lang.Object, java.lang.Object, java.lang.Object)'> (0x000000070c43e200) 
thrown [s\src\hotspot\share\interpreter\linkResolver.cpp, line 771]
Event: 18.954 Thread 0x0000025399b7f690 Implicit null exception at 0x00000253a4b8d9f0 to 0x00000253a4b8dc4c
Event: 19.225 Thread 0x0000025399b7f690 Exception <a 'java/lang/NoSuchMethodError'{0x000000070b1f32a0}: 'java.lang.Object java.lang.invoke.DirectMethodHandle$Holder.newInvokeSpecial(java.lang.Object, java.lang.Object, int, int, java.lang.Object, java.lang.Object, java.lang.Object)'> (0x000000070b1f32a0) 
thrown [s\src\hotspot\share\interpreter\linkResolver.cpp, line 771]
Event: 19.225 Thread 0x0000025399b7f690 Exception <a 'java/lang/NoSuchMethodError'{0x000000070b1f7b48}: 'java.lang.Object java.lang.invoke.DirectMethodHandle$Holder.invokeSpecial(java.lang.Object, java.lang.Object, java.lang.Object, int, int, java.lang.Object, java.lang.Object, java.lang.Object)'> (0x000000070b1f7b48) 
thrown [s\src\hotspot\share\interpreter\linkResolver.cpp, line 771]
Event: 22.453 Thread 0x0000025399b7f690 Implicit null exception at 0x00000253a53a2427 to 0x00000253a53a2678
Event: 22.453 Thread 0x0000025399b7f690 Implicit null exception at 0x00000253a53a2427 to 0x00000253a53a2678
Event: 24.591 Thread 0x0000025399b7f690 Implicit null exception at 0x00000253a5478255 to 0x00000253a54789c8

VM Operations (20 events):
Event: 24.517 Executing VM operation: HandshakeAllThreads
Event: 24.517 Executing VM operation: HandshakeAllThreads done
Event: 24.610 Executing VM operation: ICBufferFull
Event: 24.611 Executing VM operation: ICBufferFull done
Event: 24.640 Executing VM operation: HandshakeAllThreads
Event: 24.640 Executing VM operation: HandshakeAllThreads done
Event: 24.695 Executing VM operation: ICBufferFull
Event: 24.695 Executing VM operation: ICBufferFull done
Event: 24.956 Executing VM operation: ICBufferFull
Event: 24.957 Executing VM operation: ICBufferFull done
Event: 25.198 Executing VM operation: ICBufferFull
Event: 25.198 Executing VM operation: ICBufferFull done
Event: 25.324 Executing VM operation: ICBufferFull
Event: 25.324 Executing VM operation: ICBufferFull done
Event: 25.450 Executing VM operation: G1CollectForAllocation
Event: 25.463 Executing VM operation: G1CollectForAllocation done
Event: 25.664 Executing VM operation: ICBufferFull
Event: 25.664 Executing VM operation: ICBufferFull done
Event: 26.093 Executing VM operation: ICBufferFull
Event: 26.093 Executing VM operation: ICBufferFull done

Events (20 events):
Event: 24.279 Thread 0x00000253b87209f0 flushing nmethod 0x000002539f9fe310
Event: 24.279 Thread 0x00000253b87209f0 flushing nmethod 0x000002539fa00b10
Event: 24.279 Thread 0x00000253b87209f0 flushing nmethod 0x000002539fa00f10
Event: 24.279 Thread 0x00000253b87209f0 flushing nmethod 0x000002539fa01290
Event: 24.279 Thread 0x00000253b87209f0 flushing nmethod 0x000002539fa01990
Event: 24.279 Thread 0x00000253b87209f0 flushing nmethod 0x000002539fa09890
Event: 24.279 Thread 0x00000253b87209f0 flushing nmethod 0x000002539fa25890
Event: 24.279 Thread 0x00000253b87209f0 flushing nmethod 0x000002539fa30f90
Event: 24.279 Thread 0x00000253b87209f0 flushing nmethod 0x000002539fa59d90
Event: 24.279 Thread 0x00000253b87209f0 flushing nmethod 0x000002539fa5a510
Event: 24.279 Thread 0x00000253b87209f0 flushing nmethod 0x000002539fa94b90
Event: 24.279 Thread 0x00000253b87209f0 flushing nmethod 0x000002539fa9fa10
Event: 24.279 Thread 0x00000253b87209f0 flushing nmethod 0x000002539faae190
Event: 24.279 Thread 0x00000253b87209f0 flushing nmethod 0x000002539fab8490
Event: 24.280 Thread 0x00000253b87209f0 flushing nmethod 0x000002539fb11f10
Event: 24.280 Thread 0x00000253b87209f0 flushing nmethod 0x000002539fb26510
Event: 24.280 Thread 0x00000253b87209f0 flushing nmethod 0x000002539fb63f90
Event: 24.280 Thread 0x00000253b87209f0 flushing nmethod 0x000002539fb65010
Event: 24.280 Thread 0x00000253b87209f0 flushing nmethod 0x000002539fb83490
Event: 24.281 Thread 0x00000253b87209f0 flushing nmethod 0x000002539fd2c610


Dynamic libraries:
0x00007ff78dba0000 - 0x00007ff78dbaa000 	C:\Program Files\Android\Android Studio\jbr\bin\java.exe
0x00007ffdef1d0000 - 0x00007ffdef3e6000 	C:\Windows\SYSTEM32\ntdll.dll
0x00007ffdedc80000 - 0x00007ffdedd44000 	C:\Windows\System32\KERNEL32.DLL
0x00007ffdec510000 - 0x00007ffdec8b6000 	C:\Windows\System32\KERNELBASE.dll
0x00007ffdecd60000 - 0x00007ffdece71000 	C:\Windows\System32\ucrtbase.dll
0x00007ffdd4d00000 - 0x00007ffdd4d1b000 	C:\Program Files\Android\Android Studio\jbr\bin\VCRUNTIME140.dll
0x00007ffdac800000 - 0x00007ffdac817000 	C:\Program Files\Android\Android Studio\jbr\bin\jli.dll
0x00007ffdee100000 - 0x00007ffdee2ad000 	C:\Windows\System32\USER32.dll
0x00007ffdd5360000 - 0x00007ffdd55f3000 	C:\Windows\WinSxS\amd64_microsoft.windows.common-controls_6595b64144ccf1df_6.0.22621.3235_none_270f74e173860f98\COMCTL32.dll
0x00007ffdecc00000 - 0x00007ffdecc26000 	C:\Windows\System32\win32u.dll
0x00007ffded3a0000 - 0x00007ffded3c9000 	C:\Windows\System32\GDI32.dll
0x00007ffded850000 - 0x00007ffded8f7000 	C:\Windows\System32\msvcrt.dll
0x00007ffdecae0000 - 0x00007ffdecbf8000 	C:\Windows\System32\gdi32full.dll
0x00007ffdece80000 - 0x00007ffdecf1a000 	C:\Windows\System32\msvcp_win.dll
0x00007ffded360000 - 0x00007ffded391000 	C:\Windows\System32\IMM32.DLL
0x00007ffde6aa0000 - 0x00007ffde6aac000 	C:\Program Files\Android\Android Studio\jbr\bin\vcruntime140_1.dll
0x00007ffdd3fa0000 - 0x00007ffdd402d000 	C:\Program Files\Android\Android Studio\jbr\bin\msvcp140.dll
0x00007ffd69690000 - 0x00007ffd6a313000 	C:\Program Files\Android\Android Studio\jbr\bin\server\jvm.dll
0x00007ffdef070000 - 0x00007ffdef122000 	C:\Windows\System32\ADVAPI32.dll
0x00007ffded2b0000 - 0x00007ffded358000 	C:\Windows\System32\sechost.dll
0x00007ffdec8c0000 - 0x00007ffdec8e8000 	C:\Windows\System32\bcrypt.dll
0x00007ffdee370000 - 0x00007ffdee485000 	C:\Windows\System32\RPCRT4.dll
0x00007ffdc72b0000 - 0x00007ffdc72b9000 	C:\Windows\SYSTEM32\WSOCK32.dll
0x00007ffde4160000 - 0x00007ffde4194000 	C:\Windows\SYSTEM32\WINMM.dll
0x00007ffdeb360000 - 0x00007ffdeb3ad000 	C:\Windows\SYSTEM32\POWRPROF.dll
0x00007ffde4130000 - 0x00007ffde413a000 	C:\Windows\SYSTEM32\VERSION.dll
0x00007ffdedd50000 - 0x00007ffdeddc1000 	C:\Windows\System32\WS2_32.dll
0x00007ffdeb340000 - 0x00007ffdeb353000 	C:\Windows\SYSTEM32\UMPDC.dll
0x00007ffdeb600000 - 0x00007ffdeb618000 	C:\Windows\SYSTEM32\kernel.appcore.dll
0x00007ffdd4080000 - 0x00007ffdd408a000 	C:\Program Files\Android\Android Studio\jbr\bin\jimage.dll
0x00007ffde99b0000 - 0x00007ffde9be3000 	C:\Windows\SYSTEM32\DBGHELP.DLL
0x00007ffdecf20000 - 0x00007ffded2a8000 	C:\Windows\System32\combase.dll
0x00007ffdedba0000 - 0x00007ffdedc77000 	C:\Windows\System32\OLEAUT32.dll
0x00007ffdcd640000 - 0x00007ffdcd672000 	C:\Windows\SYSTEM32\dbgcore.DLL
0x00007ffdec8f0000 - 0x00007ffdec96a000 	C:\Windows\System32\bcryptPrimitives.dll
0x00007ffdb0280000 - 0x00007ffdb02a5000 	C:\Program Files\Android\Android Studio\jbr\bin\java.dll
0x00007ffdb0310000 - 0x00007ffdb0328000 	C:\Program Files\Android\Android Studio\jbr\bin\zip.dll
0x00007ffdee7a0000 - 0x00007ffdeeffd000 	C:\Windows\System32\SHELL32.dll
0x00007ffdea430000 - 0x00007ffdead28000 	C:\Windows\SYSTEM32\windows.storage.dll
0x00007ffdea2f0000 - 0x00007ffdea42e000 	C:\Windows\SYSTEM32\wintypes.dll
0x00007ffded900000 - 0x00007ffded9f3000 	C:\Windows\System32\SHCORE.dll
0x00007ffdef130000 - 0x00007ffdef18e000 	C:\Windows\System32\shlwapi.dll
0x00007ffdec440000 - 0x00007ffdec466000 	C:\Windows\SYSTEM32\profapi.dll
0x00007ffdaf9d0000 - 0x00007ffdaf9e9000 	C:\Program Files\Android\Android Studio\jbr\bin\net.dll
0x00007ffde47f0000 - 0x00007ffde4927000 	C:\Windows\SYSTEM32\WINHTTP.dll
0x00007ffdeba70000 - 0x00007ffdebad9000 	C:\Windows\system32\mswsock.dll
0x00007ffdaf9b0000 - 0x00007ffdaf9c6000 	C:\Program Files\Android\Android Studio\jbr\bin\nio.dll
0x00007ffdd3c40000 - 0x00007ffdd3c50000 	C:\Program Files\Android\Android Studio\jbr\bin\verify.dll

dbghelp: loaded successfully - version: 4.0.5 - missing functions: none
symbol engine: initialized successfully - sym options: 0x614 - pdb path: .;C:\Program Files\Android\Android Studio\jbr\bin;C:\Windows\SYSTEM32;C:\Windows\WinSxS\amd64_microsoft.windows.common-controls_6595b64144ccf1df_6.0.22621.3235_none_270f74e173860f98;C:\Program Files\Android\Android Studio\jbr\bin\server

VM Arguments:
java_command: org.jetbrains.kotlin.cli.jvm.K2JVMCompiler @D:\Uni\bangkit\capstoneProject\skinifier\app\build\20240620_1229399583634749238.compiler.options
java_class_path (initial): C:\Users\ThinkPad\.gradle\caches\modules-2\files-2.1\org.jetbrains.kotlin\kotlin-compiler-embeddable\1.9.0\2c8c3a7402becca891f12739b3e9fd2dc2adbd7a\kotlin-compiler-embeddable-1.9.0.jar;C:\Users\ThinkPad\.gradle\caches\modules-2\files-2.1\org.jetbrains.kotlin\kotlin-stdlib\1.9.0\8ee15ef0c67dc83d874f412d84378d7f0eb50b63\kotlin-stdlib-1.9.0.jar;C:\Users\ThinkPad\.gradle\caches\modules-2\files-2.1\org.jetbrains.kotlin\kotlin-script-runtime\1.9.0\4b3102cbbb7e1b58d9d1adf89563f00069ffa7d1\kotlin-script-runtime-1.9.0.jar;C:\Users\ThinkPad\.gradle\caches\modules-2\files-2.1\org.jetbrains.kotlin\kotlin-reflect\1.6.10\1cbe9c92c12a94eea200d23c2bbaedaf3daf5132\kotlin-reflect-1.6.10.jar;C:\Users\ThinkPad\.gradle\caches\modules-2\files-2.1\org.jetbrains.kotlin\kotlin-daemon-embeddable\1.9.0\186543f5e28cf8d9a0290fecc2cf34301c40a65c\kotlin-daemon-embeddable-1.9.0.jar;C:\Users\ThinkPad\.gradle\caches\modules-2\files-2.1\org.jetbrains.intellij.deps\trove4j\1.0.20200330\3afb14d5f9ceb459d724e907a21145e8ff394f02\trove4j-1.0.20200330.jar;C:\Users\ThinkPad\.gradle\caches\modules-2\files-2.1\org.jetbrains.kotlin\kotlin-stdlib-common\1.9.0\cd65c21cfd1eec4d44ef09f9f52b6d9f8a720636\kotlin-stdlib-common-1.9.0.jar;C:\Users\ThinkPad\.gradle\caches\modules-2\files-2.1\org.jetbrains\annotations\13.0\919f0dfe192fb4e063e7dacadee7f8bb9a2672a9\annotations-13.0.jar
Launcher Type: SUN_STANDARD

[Global flags]
     intx CICompilerCount                          = 4                                         {product} {ergonomic}
     uint ConcGCThreads                            = 2                                         {product} {ergonomic}
     uint G1ConcRefinementThreads                  = 8                                         {product} {ergonomic}
   size_t G1HeapRegionSize                         = 2097152                                   {product} {ergonomic}
    uintx GCDrainStackTargetSize                   = 64                                        {product} {ergonomic}
   size_t InitialHeapSize                          = 268435456                                 {product} {ergonomic}
   size_t MarkStackSize                            = 4194304                                   {product} {ergonomic}
   size_t MaxHeapSize                              = 4263510016                                {product} {ergonomic}
   size_t MaxNewSize                               = 2556428288                                {product} {ergonomic}
   size_t MinHeapDeltaBytes                        = 2097152                                   {product} {ergonomic}
   size_t MinHeapSize                              = 8388608                                   {product} {ergonomic}
    uintx NonNMethodCodeHeapSize                   = 5839372                                {pd product} {ergonomic}
    uintx NonProfiledCodeHeapSize                  = 122909434                              {pd product} {ergonomic}
    uintx ProfiledCodeHeapSize                     = 122909434                              {pd product} {ergonomic}
    uintx ReservedCodeCacheSize                    = 251658240                              {pd product} {ergonomic}
     bool SegmentedCodeCache                       = true                                      {product} {ergonomic}
   size_t SoftMaxHeapSize                          = 4263510016                             {manageable} {ergonomic}
     bool UseCompressedClassPointers               = true                           {product lp64_product} {ergonomic}
     bool UseCompressedOops                        = true                           {product lp64_product} {ergonomic}
     bool UseG1GC                                  = true                                      {product} {ergonomic}
     bool UseLargePagesIndividualAllocation        = false                                  {pd product} {ergonomic}

Logging:
Log output configuration:
 #0: stdout all=warning uptime,level,tags
 #1: stderr all=off uptime,level,tags

Environment Variables:
JAVA_HOME=C:\Program Files\Zulu\zulu-17\
PATH=C:\Program Files\Zulu\zulu-17\bin\;C:\Program Files\Common Files\Oracle\Java\javapath;C:\Program Files (x86)\Common Files\Oracle\Java\javapath;C:\Program Files (x86)\VMware\VMware Player\bin\;C:\Windows\system32;C:\Windows;C:\Windows\System32\Wbem;C:\Windows\System32\WindowsPowerShell\v1.0\;C:\Windows\System32\OpenSSH\;C:\Program Files\Intel\WiFi\bin\;C:\Program Files\Common Files\Intel\WirelessCommon\;C:\Program Files\nodejs\;C:\ProgramData\chocolatey\bin;C:\Program Files\Docker\Docker\resources\bin;D:\gradle-8.6\bin;C:\Users\ThinkPad\AppData\Local\Programs\Python\Python312\;C:\Users\ThinkPad\AppData\Local\Programs\Python\Python312\Scripts\;D:\Programming Tools\mongosh-2.1.5-win32-x64\mongosh-2.1.5-win32-x64\bin;C:\Program Files\Git\cmd;D:\Programming Tools\ngrok-v3-stable-windows-amd64;C:\Users\ThinkPad\AppData\Local\Programs\Python\Python312\Scripts\;C:\Users\ThinkPad\AppData\Local\Programs\Python\Python312\;C:\Users\ThinkPad\AppData\Local\Microsoft\WindowsApps;C:\Users\ThinkPad\AppData\Local\Programs\Microsoft VS Code\bin;C:\Users\ThinkPad\AppData\Roaming\npm;C:\Program Files\JetBrains\IntelliJ IDEA Community Edition 2023.3.3\bin;;D:\Programming Tools\mongosh-2.1.5-win32-x64\mongosh-2.1.5-win32-x64\bin;C:\Program Files\mongosh\;C:\Users\ThinkPad\AppData\Local\GitHubDesktop\bin
USERNAME=Sendi
OS=Windows_NT
PROCESSOR_IDENTIFIER=Intel64 Family 6 Model 142 Stepping 10, GenuineIntel
TMP=C:\Users\ThinkPad\AppData\Local\Temp
TEMP=C:\Users\ThinkPad\AppData\Local\Temp



Periodic native trim disabled

JNI global refs:
JNI global refs: 12, weak refs: 40

JNI global refs memory usage: 843, weak refs: 841

OOME stack traces (most recent first):
Classloader memory used:
Loader jdk.internal.loader.ClassLoaders$AppClassLoader                                 : 10759K
Loader bootstrap                                                                       : 1473K
Loader java.net.URLClassLoader                                                         : 72953B
Loader jdk.internal.reflect.DelegatingClassLoader                                      : 28145B
Loader jdk.internal.loader.ClassLoaders$PlatformClassLoader                            : 2276B


---------------  S Y S T E M  ---------------

OS:
 Windows 11 , 64 bit Build 22621 (10.0.22621.3235)
OS uptime: 5 days 0:42 hours
Hyper-V role detected

CPU: total 8 (initial active 8) (4 cores per cpu, 2 threads per core) family 6 model 142 stepping 10 microcode 0xf4, cx8, cmov, fxsr, ht, mmx, 3dnowpref, sse, sse2, sse3, ssse3, sse4.1, sse4.2, popcnt, lzcnt, tsc, tscinvbit, avx, avx2, aes, erms, clmul, bmi1, bmi2, rtm, adx, fma, vzeroupper, clflush, clflushopt, hv
Processor Information for all 8 processors :
  Max Mhz: 1896, Current Mhz: 1696, Mhz Limit: 1687

Memory: 4k page, system-wide physical 16258M (419M free)
TotalPageFile size 46690M (AvailPageFile size 8M)
current process WorkingSet (physical memory assigned to process): 740M, peak: 742M
current process commit charge ("private bytes"): 792M, peak: 795M

vm_info: OpenJDK 64-Bit Server VM (17.0.10+0--11572160) for windows-amd64 JRE (17.0.10+0--11572160), built on Mar 13 2024 23:56:38 by "androidbuild" with MS VC++ 16.10 / 16.11 (VS2019)

END.
